This is pdfTeX, Version 3.141592653-2.6-1.40.28 (MiKTeX 25.12) (preloaded format=pdflatex 2026.1.30)  30 JAN 2026 11:38
entering extended mode
 restricted \write18 enabled.
 file:line:error style messages enabled.
 %&-line parsing enabled.
**c:/Users/range/Desktop/Algoritmos/LaTeX/sbc-template.tex
(c:/Users/range/Desktop/Algoritmos/LaTeX/sbc-template.tex
LaTeX2e <2025-11-01>
L3 programming layer <2025-12-24>
(C:\Users\range\AppData\Local\Programs\MiKTeX\tex/latex/base\article.cls
Document Class: article 2025/01/22 v1.4n Standard LaTeX document class
(C:\Users\range\AppData\Local\Programs\MiKTeX\tex/latex/base\size12.clo
File: size12.clo 2025/01/22 v1.4n Standard LaTeX file (size option)
)
\c@part=\count275
\c@section=\count276
\c@subsection=\count277
\c@subsubsection=\count278
\c@paragraph=\count279
\c@subparagraph=\count280
\c@figure=\count281
\c@table=\count282
\abovecaptionskip=\skip49
\belowcaptionskip=\skip50
\bibindent=\dimen148
) (sbc-template.sty
Package: sbc-template 2001/06/09
 (C:\Users\range\AppData\Local\Programs\MiKTeX\tex/latex/geometry\geometry.sty
Package: geometry 2020/01/02 v5.9 Page Geometry
 (C:\Users\range\AppData\Local\Programs\MiKTeX\tex/latex/graphics\keyval.sty
Package: keyval 2022/05/29 v1.15 key=value parser (DPC)
\KV@toks@=\toks17
) (C:\Users\range\AppData\Local\Programs\MiKTeX\tex/generic/iftex\ifvtex.sty
Package: ifvtex 2019/10/25 v1.7 ifvtex legacy package. Use iftex instead.
 (C:\Users\range\AppData\Local\Programs\MiKTeX\tex/generic/iftex\iftex.sty
Package: iftex 2024/12/12 v1.0g TeX engine tests
))
\Gm@cnth=\count283
\Gm@cntv=\count284
\c@Gm@tempcnt=\count285
\Gm@bindingoffset=\dimen149
\Gm@wd@mp=\dimen150
\Gm@odd@mp=\dimen151
\Gm@even@mp=\dimen152
\Gm@layoutwidth=\dimen153
\Gm@layoutheight=\dimen154
\Gm@layouthoffset=\dimen155
\Gm@layoutvoffset=\dimen156
\Gm@dimlist=\toks18
 (C:\Users\range\AppData\Local\Programs\MiKTeX\tex/latex/geometry\geometry.cfg)) (caption2.sty
Package: caption2 2002/08/03 v2.1 Customising captions (AS)
\captionmargin=\dimen157
\captionwidth=\dimen158
\captionindent=\dimen159
Package caption2 Info: Running in caption2 v2.0 compatibility mode on input line 147.
\captionlinewidth=\dimen160
) (C:\Users\range\AppData\Local\Programs\MiKTeX\tex/latex/psnfss\times.sty
Package: times 2020/03/25 PSNFSS-v9.3 (SPQR) 
)
\c@instn=\count286
 (C:\Users\range\AppData\Local\Programs\MiKTeX\tex/latex/titlesec\titlesec.sty
Package: titlesec 2025/01/04 v2.17 Sectioning titles
\ttl@box=\box53
\beforetitleunit=\skip51
\aftertitleunit=\skip52
\ttl@plus=\dimen161
\ttl@minus=\dimen162
\ttl@toksa=\toks19
\titlewidth=\dimen163
\titlewidthlast=\dimen164
\titlewidthfirst=\dimen165
)) (C:\Users\range\AppData\Local\Programs\MiKTeX\tex/latex/graphics\graphicx.sty
Package: graphicx 2024/12/31 v1.2e Enhanced LaTeX Graphics (DPC,SPQR)
 (C:\Users\range\AppData\Local\Programs\MiKTeX\tex/latex/graphics\graphics.sty
Package: graphics 2024/08/06 v1.4g Standard LaTeX Graphics (DPC,SPQR)
 (C:\Users\range\AppData\Local\Programs\MiKTeX\tex/latex/graphics\trig.sty
Package: trig 2023/12/02 v1.11 sin cos tan (DPC)
) (C:\Users\range\AppData\Local\Programs\MiKTeX\tex/latex/graphics-cfg\graphics.cfg
File: graphics.cfg 2016/06/04 v1.11 sample graphics configuration
)
Package graphics Info: Driver file: pdftex.def on input line 106.
 (C:\Users\range\AppData\Local\Programs\MiKTeX\tex/latex/graphics-def\pdftex.def
File: pdftex.def 2025/09/29 v1.2d Graphics/color driver for pdftex
))
\Gin@req@height=\dimen166
\Gin@req@width=\dimen167
) (C:\Users\range\AppData\Local\Programs\MiKTeX\tex/latex/url\url.sty
\Urlmuskip=\muskip17
Package: url 2013/09/16  ver 3.4  Verb mode for urls, etc.
) (C:\Users\range\AppData\Local\Programs\MiKTeX\tex/generic/babel\babel.sty
Package: babel 2025/12/11 v25.17 The multilingual framework for LuaLaTeX, pdfLaTeX and XeLaTeX
\babel@savecnt=\count287
LaTeX Encoding Info:    Redeclaring text command \ij (encoding OT1) on input line 2068.
LaTeX Encoding Info:    Redeclaring text command \IJ (encoding OT1) on input line 2070.
LaTeX Encoding Info:    Redeclaring text command \ij (encoding T1) on input line 2072.
LaTeX Encoding Info:    Redeclaring text command \IJ (encoding T1) on input line 2073.
LaTeX Encoding Info:    Ignoring declaration for text command \ij (encoding ?) on input line 2074.
LaTeX Encoding Info:    Ignoring declaration for text command \IJ (encoding ?) on input line 2076.
LaTeX Encoding Info:    Ignoring declaration for text command \SS (encoding ?) on input line 2101.
\U@D=\dimen168
\l@unhyphenated=\language79
 (C:\Users\range\AppData\Local\Programs\MiKTeX\tex/generic/babel\txtbabel.def)
\bbl@readstream=\read2
\bbl@dirlevel=\count288
Package babel Info: Configuration files are deprecated, as
(babel)             they can break document portability.
(babel)             Reported on input line 4196.

*************************************
* Local config file bblopts.cfg used
*
(C:\Users\range\AppData\Local\Programs\MiKTeX\tex/latex/arabi\bblopts.cfg
File: bblopts.cfg 2005/09/08 v0.1 add Arabic and Farsi to "declared" options of babel
) (C:\Users\range\AppData\Local\Programs\MiKTeX\tex/generic/babel/locale/invalid\babel-brazil.tex)

Package babel Warning: Name 'brazil' is deprecated.
(babel)                Use 'brazilian' instead.
(babel)                Reported on input line 4320.

Package babel Info: Importing font and identification data for brazil
(babel)             from babel-pt-BR.ini. Reported on input line 4320.
(C:\Users\range\AppData\Local\Programs\MiKTeX\tex/latex/babel-portuges\brazilian.ldf
Language: portuges 2021/07/09 v1.2t Portuguese support from the babel system
Package babel Info: Hyphen rules for 'brazil' set to \l@portuguese
(babel)             (\language56). Reported on input line 111.
Package babel Info: Making " an active character on input line 143.
)) (C:\Users\range\AppData\Local\Programs\MiKTeX\tex/latex/base\inputenc.sty
Package: inputenc 2024/02/08 v1.3d Input encoding file
\inpenc@prehook=\toks20
\inpenc@posthook=\toks21
) (C:\Users\range\AppData\Local\Programs\MiKTeX\tex/latex/float\float.sty
Package: float 2001/11/08 v1.3d Float enhancements (AL)
\c@float@type=\count289
\float@exts=\toks22
\float@box=\box54
\@float@everytoks=\toks23
\@floatcapt=\box55
) (C:\Users\range\AppData\Local\Programs\MiKTeX\tex/latex/booktabs\booktabs.sty
Package: booktabs 2020/01/12 v1.61803398 Publication quality tables
\heavyrulewidth=\dimen169
\lightrulewidth=\dimen170
\cmidrulewidth=\dimen171
\belowrulesep=\dimen172
\belowbottomsep=\dimen173
\aboverulesep=\dimen174
\abovetopsep=\dimen175
\cmidrulesep=\dimen176
\cmidrulekern=\dimen177
\defaultaddspace=\dimen178
\@cmidla=\count290
\@cmidlb=\count291
\@aboverulesep=\dimen179
\@belowrulesep=\dimen180
\@thisruleclass=\count292
\@lastruleclass=\count293
\@thisrulewidth=\dimen181
) (C:\Users\range\AppData\Local\Programs\MiKTeX\tex/latex/multirow\multirow.sty
Package: multirow 2024/11/12 v2.9 Span multiple rows of a table
\multirow@colwidth=\skip53
\multirow@cntb=\count294
\multirow@dima=\skip54
\bigstrutjot=\dimen182
)
LaTeX Font Info:    Trying to load font information for OT1+ptm on input line 32.
 (C:\Users\range\AppData\Local\Programs\MiKTeX\tex/latex/psnfss\ot1ptm.fd
File: ot1ptm.fd 2001/06/04 font definitions for OT1/ptm.
) (C:\Users\range\AppData\Local\Programs\MiKTeX\tex/latex/l3backend\l3backend-pdftex.def
File: l3backend-pdftex.def 2025-10-09 L3 backend support: PDF output (pdfTeX)
\l__color_backend_stack_int=\count295
) (sbc-template.aux
Package babel Info: 'brazil' activates 'portuges' shorthands.
(babel)             Reported on input line 7.
)
\openout1 = `sbc-template.aux'.

LaTeX Font Info:    Checking defaults for OML/cmm/m/it on input line 32.
LaTeX Font Info:    ... okay on input line 32.
LaTeX Font Info:    Checking defaults for OMS/cmsy/m/n on input line 32.
LaTeX Font Info:    ... okay on input line 32.
LaTeX Font Info:    Checking defaults for OT1/cmr/m/n on input line 32.
LaTeX Font Info:    ... okay on input line 32.
LaTeX Font Info:    Checking defaults for T1/cmr/m/n on input line 32.
LaTeX Font Info:    ... okay on input line 32.
LaTeX Font Info:    Checking defaults for TS1/cmr/m/n on input line 32.
LaTeX Font Info:    ... okay on input line 32.
LaTeX Font Info:    Checking defaults for OMX/cmex/m/n on input line 32.
LaTeX Font Info:    ... okay on input line 32.
LaTeX Font Info:    Checking defaults for U/cmr/m/n on input line 32.
LaTeX Font Info:    ... okay on input line 32.

*geometry* driver: auto-detecting
*geometry* detected driver: pdftex
*geometry* verbose mode - [ preamble ] result:
* driver: pdftex
* paper: a4paper
* layout: <same size as paper>
* layoutoffset:(h,v)=(0.0pt,0.0pt)
* modes: 
* h-part:(L,W,R)=(85.35826pt, 426.79135pt, 85.35826pt)
* v-part:(T,H,B)=(99.58464pt, 674.33032pt, 71.13188pt)
* \paperwidth=597.50787pt
* \paperheight=845.04684pt
* \textwidth=426.79135pt
* \textheight=674.33032pt
* \oddsidemargin=13.08827pt
* \evensidemargin=13.08827pt
* \topmargin=-9.68535pt
* \headheight=12.0pt
* \headsep=25.0pt
* \topskip=12.0pt
* \footskip=30.0pt
* \marginparwidth=44.0pt
* \marginparsep=10.0pt
* \columnsep=10.0pt
* \skip\footins=10.8pt plus 4.0pt minus 2.0pt
* \hoffset=0.0pt
* \voffset=0.0pt
* \mag=1000
* \@twocolumnfalse
* \@twosidefalse
* \@mparswitchfalse
* \@reversemarginfalse
* (1in=72.27pt=25.4mm, 1cm=28.453pt)

(C:\Users\range\AppData\Local\Programs\MiKTeX\tex/context/base/mkii\supp-pdf.mkii
[Loading MPS to PDF converter (version 2006.09.02).]
\scratchcounter=\count296
\scratchdimen=\dimen183
\scratchbox=\box56
\nofMPsegments=\count297
\nofMParguments=\count298
\everyMPshowfont=\toks24
\MPscratchCnt=\count299
\MPscratchDim=\dimen184
\MPnumerator=\count300
\makeMPintoPDFobject=\count301
\everyMPtoPDFconversion=\toks25
) (C:\Users\range\AppData\Local\Programs\MiKTeX\tex/latex/epstopdf-pkg\epstopdf-base.sty
Package: epstopdf-base 2020-01-24 v2.11 Base part for package epstopdf
Package epstopdf-base Info: Redefining graphics rule for `.eps' on input line 485.
 (C:\Users\range\AppData\Local\Programs\MiKTeX\tex/latex/00miktex\epstopdf-sys.cfg
File: epstopdf-sys.cfg 2021/03/18 v2.0 Configuration of epstopdf for MiKTeX
))
LaTeX Font Info:    External font `cmex10' loaded for size
(Font)              <12> on input line 34.
LaTeX Font Info:    External font `cmex10' loaded for size
(Font)              <8> on input line 34.
LaTeX Font Info:    External font `cmex10' loaded for size
(Font)              <6> on input line 34.
LaTeX Font Info:    Trying to load font information for OT1+pcr on input line 34.
 (C:\Users\range\AppData\Local\Programs\MiKTeX\tex/latex/psnfss\ot1pcr.fd
File: ot1pcr.fd 2001/06/04 font definitions for OT1/pcr.
) [1

{C:/Users/range/AppData/Local/MiKTeX/fonts/map/pdftex/pdftex.map}{C:/Users/range/AppData/Local/Programs/MiKTeX/fonts/enc/dvips/base/8r.enc}]
LaTeX Font Info:    Trying to load font information for TS1+ptm on input line 55.
 (C:\Users\range\AppData\Local\Programs\MiKTeX\tex/latex/psnfss\ts1ptm.fd
File: ts1ptm.fd 2001/06/04 font definitions for TS1/ptm.
) [2]
Underfull \hbox (badness 1158) in paragraph at lines 107--108
[]\OT1/ptm/m/n/12 Os da-ta-sets con-sis-tem em ve-to-res de in-tei-ros de 32 bits ge-ra-dos em tr[]es
 []

[3] [4]
<../Graficos/Tempo_500000_aleatorio.pdf, id=26, 1011.78pt x 578.16pt>
File: ../Graficos/Tempo_500000_aleatorio.pdf Graphic file (type pdf)
<use ../Graficos/Tempo_500000_aleatorio.pdf>
Package pdftex.def Info: ../Graficos/Tempo_500000_aleatorio.pdf  used on input line 144.
(pdftex.def)             Requested size: 384.1096pt x 219.49135pt.
LaTeX Font Info:    Trying to load font information for OT1+phv on input line 145.
 (C:\Users\range\AppData\Local\Programs\MiKTeX\tex/latex/psnfss\ot1phv.fd
File: ot1phv.fd 2020/03/25 scalable font definitions for OT1/phv.
)
Underfull \vbox (badness 10000) has occurred while \output is active []

 [5 <../Graficos/Tempo_500000_aleatorio.pdf>] (sbc-template.bbl [6])
<../Graficos/Tempo_10000_aleatorio.pdf, id=114, 1011.78pt x 578.16pt>
File: ../Graficos/Tempo_10000_aleatorio.pdf Graphic file (type pdf)
<use ../Graficos/Tempo_10000_aleatorio.pdf>
Package pdftex.def Info: ../Graficos/Tempo_10000_aleatorio.pdf  used on input line 216.
(pdftex.def)             Requested size: 204.85802pt x 117.05911pt.
<../Graficos/Tempo_10000_crescente.pdf, id=115, 1011.78pt x 578.16pt>
File: ../Graficos/Tempo_10000_crescente.pdf Graphic file (type pdf)
<use ../Graficos/Tempo_10000_crescente.pdf>
Package pdftex.def Info: ../Graficos/Tempo_10000_crescente.pdf  used on input line 218.
(pdftex.def)             Requested size: 204.85802pt x 117.05911pt.
<../Graficos/Tempo_10000_decrescente.pdf, id=116, 1011.78pt x 578.16pt>
File: ../Graficos/Tempo_10000_decrescente.pdf Graphic file (type pdf)
<use ../Graficos/Tempo_10000_decrescente.pdf>
Package pdftex.def Info: ../Graficos/Tempo_10000_decrescente.pdf  used on input line 226.
(pdftex.def)             Requested size: 256.07741pt x 146.3305pt.
<../Graficos/Tempo_100000_aleatorio.pdf, id=117, 1011.78pt x 578.16pt>
File: ../Graficos/Tempo_100000_aleatorio.pdf Graphic file (type pdf)
<use ../Graficos/Tempo_100000_aleatorio.pdf>
Package pdftex.def Info: ../Graficos/Tempo_100000_aleatorio.pdf  used on input line 237.
(pdftex.def)             Requested size: 204.85802pt x 117.05911pt.
<../Graficos/Tempo_100000_crescente.pdf, id=118, 1011.78pt x 578.16pt>
File: ../Graficos/Tempo_100000_crescente.pdf Graphic file (type pdf)
<use ../Graficos/Tempo_100000_crescente.pdf>
Package pdftex.def Info: ../Graficos/Tempo_100000_crescente.pdf  used on input line 239.
(pdftex.def)             Requested size: 204.85802pt x 117.05911pt.
<../Graficos/Tempo_100000_decrescente.pdf, id=119, 1011.78pt x 578.16pt>
File: ../Graficos/Tempo_100000_decrescente.pdf Graphic file (type pdf)
<use ../Graficos/Tempo_100000_decrescente.pdf>
Package pdftex.def Info: ../Graficos/Tempo_100000_decrescente.pdf  used on input line 247.
(pdftex.def)             Requested size: 256.07741pt x 146.3305pt.
 [7 <../Graficos/Tempo_10000_aleatorio.pdf> <../Graficos/Tempo_10000_crescente.pdf> <../Graficos/Tempo_10000_decrescente.pdf> <../Graficos/Tempo_100000_aleatorio.pdf> <../Graficos/Tempo_100000_crescente.pdf>]
Underfull \vbox (badness 10000) has occurred while \output is active []

 [8 <../Graficos/Tempo_100000_decrescente.pdf>] [9] (sbc-template.aux)
 ***********
LaTeX2e <2025-11-01>
L3 programming layer <2025-12-24>
 ***********
 ) 
Here is how much of TeX's memory you used:
 4137 strings out of 467871
 71029 string characters out of 5418376
 512886 words of memory out of 5000000
 32947 multiletter control sequences out of 15000+600000
 649790 words of font info for 83 fonts, out of 8000000 for 9000
 1141 hyphenation exceptions out of 8191
 72i,13n,79p,748b,361s stack positions out of 10000i,1000n,20000p,200000b,200000s
<C:/Users/range/AppData/Local/Programs/MiKTeX/fonts/type1/public/amsfonts/cm/cmbx12.pfb><C:/Users/range/AppData/Local/Programs/MiKTeX/fonts/type1/public/amsfonts/cm/cmbx8.pfb><C:/Users/range/AppData/Local/Programs/MiKTeX/fonts/type1/public/amsfonts/cm/cmmi12.pfb><C:/Users/range/AppData/Local/Programs/MiKTeX/fonts/type1/public/amsfonts/cm/cmmib10.pfb><C:/Users/range/AppData/Local/Programs/MiKTeX/fonts/type1/public/amsfonts/cm/cmr12.pfb><C:/Users/range/AppData/Local/Programs/MiKTeX/fonts/type1/public/amsfonts/cm/cmr8.pfb><C:/Users/range/AppData/Local/Programs/MiKTeX/fonts/type1/public/amsfonts/cm/cmsy10.pfb><C:/Users/range/AppData/Local/Programs/MiKTeX/fonts/type1/urw/courier/ucrr8a.pfb><C:/Users/range/AppData/Local/Programs/MiKTeX/fonts/type1/urw/helvetic/uhvb8a.pfb><C:/Users/range/AppData/Local/Programs/MiKTeX/fonts/type1/urw/times/utmb8a.pfb><C:/Users/range/AppData/Local/Programs/MiKTeX/fonts/type1/urw/times/utmbi8a.pfb><C:/Users/range/AppData/Local/Programs/MiKTeX/fonts/type1/urw/times/utmr8a.pfb><C:/Users/range/AppData/Local/Programs/MiKTeX/fonts/type1/urw/times/utmri8a.pfb>
Output written on sbc-template.pdf (9 pages, 380784 bytes).
PDF statistics:
 656 PDF objects out of 1000 (max. 8388607)
 0 named destinations out of 1000 (max. 500000)
 36 words of extra memory for PDF output out of 10000 (max. 10000000)

